<?xml version="1.0" encoding="UTF-8"?>
<!-- Generated by org.testng.reporters.JUnitReportReporter -->
<testsuite skipped="0" hostname="Aditya" name="com.crm.qa.testcases.HomePageTest" tests="3" failures="0" timestamp="2020-12-12T16:27:10 IST" time="174.863" errors="0">
  <testcase name="verifyUserNameTextTest" time="74.527" classname="com.crm.qa.testcases.HomePageTest"/>
  <system-out/>
  <testcase name="verifyLogOutBtnFunctionalityTest" time="60.549" classname="com.crm.qa.testcases.HomePageTest"/>
  <system-out/>
  <testcase name="clickOnContactsLinkTest" time="39.787" classname="com.crm.qa.testcases.HomePageTest"/>
  <system-out/>
</testsuite> <!-- com.crm.qa.testcases.HomePageTest -->
