<?xml version="1.0" encoding="UTF-8"?>
<!-- Generated by org.testng.reporters.JUnitReportReporter -->
<testsuite skipped="0" hostname="Aditya" name="com.crm.qa.pages.SampleTest" tests="4" failures="0" timestamp="2020-12-06T18:09:04 IST" time="295.218" errors="0">
  <testcase name="createNewContact" time="75.969" classname="com.crm.qa.pages.SampleTest"/>
  <system-out/>
  <testcase name="createNewContact" time="69.686" classname="com.crm.qa.pages.SampleTest"/>
  <system-out/>
  <testcase name="createNewContact" time="72.005" classname="com.crm.qa.pages.SampleTest"/>
  <system-out/>
  <testcase name="createNewContact" time="77.558" classname="com.crm.qa.pages.SampleTest"/>
  <system-out/>
</testsuite> <!-- com.crm.qa.pages.SampleTest -->
