<?xml version="1.0" encoding="UTF-8"?>
<!-- Generated by org.testng.reporters.JUnitReportReporter -->
<testsuite skipped="0" hostname="Aditya" name="com.crm.qa.testcases.SignUpPageTest" tests="2" failures="0" timestamp="2020-12-06T23:04:36 IST" time="104.699" errors="0">
  <testcase name="validateHeaderOfSignUpPageTest" time="52.777" classname="com.crm.qa.testcases.SignUpPageTest"/>
  <system-out/>
  <testcase name="gotAnAccountLinkFunctionalityTest" time="51.922" classname="com.crm.qa.testcases.SignUpPageTest"/>
  <system-out/>
</testsuite> <!-- com.crm.qa.testcases.SignUpPageTest -->
