<?xml version="1.0" encoding="UTF-8"?>
<!-- Generated by org.testng.reporters.JUnitReportReporter -->
<testsuite skipped="0" hostname="Aditya" name="com.crm.qa.testcases.LoginPageTest" tests="6" failures="0" timestamp="2020-12-12T16:27:10 IST" time="424.413" errors="0">
  <testcase name="loginPageTitleTest" time="60.641" classname="com.crm.qa.testcases.LoginPageTest"/>
  <system-out/>
  <testcase name="loginButtonFunctionalityTest" time="68.307" classname="com.crm.qa.testcases.LoginPageTest"/>
  <system-out/>
  <testcase name="checkForgotButtonLinkTest" time="60.780" classname="com.crm.qa.testcases.LoginPageTest"/>
  <system-out/>
  <testcase name="ForgotButtonFunctionalityTest" time="64.269" classname="com.crm.qa.testcases.LoginPageTest"/>
  <system-out/>
  <testcase name="validateSignUpButtonLinkTest" time="85.858" classname="com.crm.qa.testcases.LoginPageTest"/>
  <system-out/>
  <testcase name="validateSignUplinkFunctionalityTest" time="84.558" classname="com.crm.qa.testcases.LoginPageTest"/>
  <system-out/>
</testsuite> <!-- com.crm.qa.testcases.LoginPageTest -->
