<?xml version="1.0" encoding="UTF-8"?>
<!-- Generated by org.testng.reporters.JUnitReportReporter -->
<testsuite skipped="0" hostname="Aditya" name="com.crm.qa.testcases.HomePageTest" tests="3" failures="0" timestamp="2020-12-06T23:04:36 IST" time="126.332" errors="0">
  <testcase name="verifyUserNameTextTest" time="33.517" classname="com.crm.qa.testcases.HomePageTest"/>
  <system-out/>
  <testcase name="verifyLogOutBtnFunctionalityTest" time="51.627" classname="com.crm.qa.testcases.HomePageTest"/>
  <system-out/>
  <testcase name="clickOnContactsLinkTest" time="41.188" classname="com.crm.qa.testcases.HomePageTest"/>
  <system-out/>
</testsuite> <!-- com.crm.qa.testcases.HomePageTest -->
