<?xml version="1.0" encoding="UTF-8"?>
<!-- Generated by org.testng.reporters.JUnitReportReporter -->
<testsuite skipped="0" hostname="Aditya" name="com.crm.qa.testcases.RetestPageTest" tests="2" failures="0" timestamp="2020-12-06T23:04:36 IST" time="65.226" errors="0">
  <testcase name="verifyPwdResetPageTitleTest" time="32.209" classname="com.crm.qa.testcases.RetestPageTest"/>
  <system-out/>
  <testcase name="verifyForgotMyPwdHeaderTest" time="33.017" classname="com.crm.qa.testcases.RetestPageTest"/>
  <system-out/>
</testsuite> <!-- com.crm.qa.testcases.RetestPageTest -->
