<?xml version="1.0" encoding="UTF-8"?>
<!-- Generated by org.testng.reporters.JUnitReportReporter -->
<testsuite skipped="0" hostname="Aditya" name="com.crm.qa.testcases.LoginPageTest" tests="6" failures="0" timestamp="2020-12-07T21:28:01 IST" time="214.038" errors="0">
  <testcase name="loginPageTitleTest" time="41.068" classname="com.crm.qa.testcases.LoginPageTest"/>
  <system-out/>
  <testcase name="loginButtonFunctionalityTest" time="16.403" classname="com.crm.qa.testcases.LoginPageTest"/>
  <system-out/>
  <testcase name="checkForgotButtonLinkTest" time="25.803" classname="com.crm.qa.testcases.LoginPageTest"/>
  <system-out/>
  <testcase name="ForgotButtonFunctionalityTest" time="38.589" classname="com.crm.qa.testcases.LoginPageTest"/>
  <system-out/>
  <testcase name="validateSignUpButtonLinkTest" time="32.379" classname="com.crm.qa.testcases.LoginPageTest"/>
  <system-out/>
  <testcase name="validateSignUplinkFunctionalityTest" time="59.796" classname="com.crm.qa.testcases.LoginPageTest"/>
  <system-out/>
</testsuite> <!-- com.crm.qa.testcases.LoginPageTest -->
