<?xml version="1.0" encoding="UTF-8"?>
<!-- Generated by org.testng.reporters.JUnitReportReporter -->
<testsuite skipped="0" hostname="Aditya" name="com.crm.qa.testcases.ContactsPageTest" tests="4" failures="0" timestamp="2020-12-06T23:04:36 IST" time="260.926" errors="0">
  <testcase name="createNewContact" time="59.785" classname="com.crm.qa.testcases.ContactsPageTest"/>
  <system-out/>
  <testcase name="createNewContact" time="66.660" classname="com.crm.qa.testcases.ContactsPageTest"/>
  <system-out/>
  <testcase name="createNewContact" time="64.919" classname="com.crm.qa.testcases.ContactsPageTest"/>
  <system-out/>
  <testcase name="createNewContact" time="69.562" classname="com.crm.qa.testcases.ContactsPageTest"/>
  <system-out/>
</testsuite> <!-- com.crm.qa.testcases.ContactsPageTest -->
